node_modules 2/@grpc/grpc-js 2/src/generated/grpc/channelz/v1/Channelz.ts(3,28): error TS2307: Cannot find module '../../../../index' or its corresponding type declarations.
node_modules 2/@grpc/grpc-js/src/generated/grpc/channelz/v1/Channelz.ts(3,28): error TS2307: Cannot find module '../../../../index' or its corresponding type declarations.
node_modules 2/@hookform/resolvers 2/arktype/src/__tests__/__fixtures__/data.ts(1,22): error TS2307: Cannot find module 'arktype' or its corresponding type declarations.
node_modules 2/@hookform/resolvers 2/class-validator/src/__tests__/__fixtures__/data.ts(2,22): error TS2307: Cannot find module 'class-transformer' or its corresponding type declarations.
node_modules 2/@hookform/resolvers 2/class-validator/src/__tests__/__fixtures__/data.ts(11,8): error TS2307: Cannot find module 'class-validator' or its corresponding type declarations.
node_modules 2/@hookform/resolvers 2/class-validator/src/__tests__/__fixtures__/data.ts(16,3): error TS2564: Property 'id' has no initializer and is not definitely assigned in the constructor.
node_modules 2/@hookform/resolvers 2/class-validator/src/__tests__/__fixtures__/data.ts(19,3): error TS2564: Property 'name' has no initializer and is not definitely assigned in the constructor.
node_modules 2/@hookform/resolvers 2/class-validator/src/__tests__/__fixtures__/data.ts(25,3): error TS2564: Property 'username' has no initializer and is not definitely assigned in the constructor.
node_modules 2/@hookform/resolvers 2/class-validator/src/__tests__/__fixtures__/data.ts(28,3): error TS2564: Property 'password' has no initializer and is not definitely assigned in the constructor.
node_modules 2/@hookform/resolvers 2/class-validator/src/__tests__/__fixtures__/data.ts(32,3): error TS2564: Property 'birthYear' has no initializer and is not definitely assigned in the constructor.
node_modules 2/@hookform/resolvers 2/class-validator/src/__tests__/__fixtures__/data.ts(35,3): error TS2564: Property 'email' has no initializer and is not definitely assigned in the constructor.
node_modules 2/@hookform/resolvers 2/class-validator/src/__tests__/__fixtures__/data.ts(37,3): error TS2564: Property 'accessToken' has no initializer and is not definitely assigned in the constructor.
node_modules 2/@hookform/resolvers 2/class-validator/src/__tests__/__fixtures__/data.ts(39,3): error TS2564: Property 'tags' has no initializer and is not definitely assigned in the constructor.
node_modules 2/@hookform/resolvers 2/class-validator/src/__tests__/__fixtures__/data.ts(41,3): error TS2564: Property 'enabled' has no initializer and is not definitely assigned in the constructor.
node_modules 2/@hookform/resolvers 2/class-validator/src/__tests__/__fixtures__/data.ts(45,3): error TS2564: Property 'like' has no initializer and is not definitely assigned in the constructor.
node_modules 2/@hookform/resolvers 2/computed-types/src/__tests__/__fixtures__/data.ts(1,62): error TS2307: Cannot find module 'computed-types' or its corresponding type declarations.
node_modules 2/@hookform/resolvers 2/fluentvalidation-ts/src/__tests__/__fixtures__/data.ts(1,27): error TS2307: Cannot find module 'fluentvalidation-ts' or its corresponding type declarations.
node_modules 2/@hookform/resolvers 2/fluentvalidation-ts/src/__tests__/__fixtures__/data.ts(30,10): error TS2339: Property 'ruleFor' does not exist on type 'SchemaValidator'.
node_modules 2/@hookform/resolvers 2/fluentvalidation-ts/src/__tests__/__fixtures__/data.ts(36,10): error TS2339: Property 'ruleFor' does not exist on type 'SchemaValidator'.
node_modules 2/@hookform/resolvers 2/fluentvalidation-ts/src/__tests__/__fixtures__/data.ts(49,10): error TS2339: Property 'ruleFor' does not exist on type 'SchemaValidator'.
node_modules 2/@hookform/resolvers 2/fluentvalidation-ts/src/__tests__/__fixtures__/data.ts(51,14): error TS7006: Parameter 'repeatPassword' implicitly has an 'any' type.
node_modules 2/@hookform/resolvers 2/fluentvalidation-ts/src/__tests__/__fixtures__/data.ts(51,30): error TS7006: Parameter 'data' implicitly has an 'any' type.
node_modules 2/@hookform/resolvers 2/fluentvalidation-ts/src/__tests__/__fixtures__/data.ts(53,10): error TS2339: Property 'ruleFor' does not exist on type 'SchemaValidator'.
node_modules 2/@hookform/resolvers 2/fluentvalidation-ts/src/__tests__/__fixtures__/data.ts(54,10): error TS2339: Property 'ruleFor' does not exist on type 'SchemaValidator'.
node_modules 2/@hookform/resolvers 2/fluentvalidation-ts/src/__tests__/__fixtures__/data.ts(57,14): error TS7006: Parameter 'birthYear' implicitly has an 'any' type.
node_modules 2/@hookform/resolvers 2/fluentvalidation-ts/src/__tests__/__fixtures__/data.ts(59,10): error TS2339: Property 'ruleFor' does not exist on type 'SchemaValidator'.
node_modules 2/@hookform/resolvers 2/fluentvalidation-ts/src/__tests__/__fixtures__/data.ts(60,10): error TS2339: Property 'ruleFor' does not exist on type 'SchemaValidator'.
node_modules 2/@hookform/resolvers 2/fluentvalidation-ts/src/__tests__/__fixtures__/data.ts(61,10): error TS2339: Property 'ruleFor' does not exist on type 'SchemaValidator'.
node_modules 2/@hookform/resolvers 2/fluentvalidation-ts/src/__tests__/__fixtures__/data.ts(63,10): error TS2339: Property 'ruleForEach' does not exist on type 'SchemaValidator'.
node_modules 2/@hookform/resolvers 2/fluentvalidation-ts/src/__tests__/__fixtures__/data.ts(74,10): error TS2339: Property 'ruleFor' does not exist on type 'LikeValidator'.
node_modules 2/@hookform/resolvers 2/fluentvalidation-ts/src/__tests__/__fixtures__/data.ts(75,10): error TS2339: Property 'ruleFor' does not exist on type 'LikeValidator'.
node_modules 2/@hookform/resolvers 2/io-ts/src/__tests__/__fixtures__/data.ts(1,20): error TS2307: Cannot find module 'io-ts' or its corresponding type declarations.
node_modules 2/@hookform/resolvers 2/io-ts/src/__tests__/__fixtures__/data.ts(2,21): error TS2307: Cannot find module 'io-ts-types' or its corresponding type declarations.
node_modules 2/@hookform/resolvers 2/io-ts/src/__tests__/__fixtures__/data.ts(45,12): error TS7006: Parameter 'i' implicitly has an 'any' type.
node_modules 2/@hookform/resolvers 2/joi/src/__tests__/__fixtures__/data.ts(1,22): error TS2307: Cannot find module 'joi' or its corresponding type declarations.
node_modules 2/@hookform/resolvers 2/nope/src/__tests__/__fixtures__/data.ts(1,18): error TS2307: Cannot find module 'nope-validator' or its corresponding type declarations.
node_modules 2/@hookform/resolvers 2/superstruct/src/__tests__/__fixtures__/data.ts(16,8): error TS2307: Cannot find module 'superstruct' or its corresponding type declarations.
node_modules 2/@hookform/resolvers 2/superstruct/src/__tests__/__fixtures__/data.ts(20,4): error TS7006: Parameter 'value' implicitly has an 'any' type.
node_modules 2/@hookform/resolvers 2/superstruct/src/__tests__/__fixtures__/data.ts(20,11): error TS7006: Parameter 'ctx' implicitly has an 'any' type.
node_modules 2/@hookform/resolvers 2/typanion/src/__tests__/__fixtures__/data.ts(2,20): error TS2307: Cannot find module 'typanion' or its corresponding type declarations.
node_modules 2/@hookform/resolvers 2/vest/src/__tests__/__fixtures__/data.ts(2,23): error TS2307: Cannot find module 'vest' or its corresponding type declarations.
node_modules 2/@hookform/resolvers 2/vine/src/__tests__/__fixtures__/data.ts(1,18): error TS2307: Cannot find module '@vinejs/vine' or its corresponding type declarations.
node_modules 2/@hookform/resolvers 2/vine/src/__tests__/__fixtures__/data.ts(2,28): error TS2307: Cannot find module '@vinejs/vine/build/src/types' or its corresponding type declarations.
node_modules 2/@hookform/resolvers 2/yup/src/__tests__/__fixtures__/data.ts(2,22): error TS2307: Cannot find module 'yup' or its corresponding type declarations.
node_modules 2/@hookform/resolvers 2/yup/src/__tests__/__fixtures__/data.ts(33,38): error TS7031: Binding element 'name' implicitly has an 'any' type.
node_modules 2/@hookform/resolvers 2/yup/src/__tests__/__fixtures__/data.ts(33,45): error TS7006: Parameter 'schema' implicitly has an 'any' type.
node_modules 2/@hookform/resolvers 3/arktype/src/__tests__/__fixtures__/data.ts(1,22): error TS2307: Cannot find module 'arktype' or its corresponding type declarations.
node_modules 2/@hookform/resolvers 3/class-validator/src/__tests__/__fixtures__/data.ts(2,22): error TS2307: Cannot find module 'class-transformer' or its corresponding type declarations.
node_modules 2/@hookform/resolvers 3/class-validator/src/__tests__/__fixtures__/data.ts(11,8): error TS2307: Cannot find module 'class-validator' or its corresponding type declarations.
node_modules 2/@hookform/resolvers 3/class-validator/src/__tests__/__fixtures__/data.ts(16,3): error TS2564: Property 'id' has no initializer and is not definitely assigned in the constructor.
node_modules 2/@hookform/resolvers 3/class-validator/src/__tests__/__fixtures__/data.ts(19,3): error TS2564: Property 'name' has no initializer and is not definitely assigned in the constructor.
node_modules 2/@hookform/resolvers 3/class-validator/src/__tests__/__fixtures__/data.ts(25,3): error TS2564: Property 'username' has no initializer and is not definitely assigned in the constructor.
node_modules 2/@hookform/resolvers 3/class-validator/src/__tests__/__fixtures__/data.ts(28,3): error TS2564: Property 'password' has no initializer and is not definitely assigned in the constructor.
node_modules 2/@hookform/resolvers 3/class-validator/src/__tests__/__fixtures__/data.ts(32,3): error TS2564: Property 'birthYear' has no initializer and is not definitely assigned in the constructor.
node_modules 2/@hookform/resolvers 3/class-validator/src/__tests__/__fixtures__/data.ts(35,3): error TS2564: Property 'email' has no initializer and is not definitely assigned in the constructor.
node_modules 2/@hookform/resolvers 3/class-validator/src/__tests__/__fixtures__/data.ts(37,3): error TS2564: Property 'accessToken' has no initializer and is not definitely assigned in the constructor.
node_modules 2/@hookform/resolvers 3/class-validator/src/__tests__/__fixtures__/data.ts(39,3): error TS2564: Property 'tags' has no initializer and is not definitely assigned in the constructor.
node_modules 2/@hookform/resolvers 3/class-validator/src/__tests__/__fixtures__/data.ts(41,3): error TS2564: Property 'enabled' has no initializer and is not definitely assigned in the constructor.
node_modules 2/@hookform/resolvers 3/class-validator/src/__tests__/__fixtures__/data.ts(45,3): error TS2564: Property 'like' has no initializer and is not definitely assigned in the constructor.
node_modules 2/@hookform/resolvers 3/computed-types/src/__tests__/__fixtures__/data.ts(1,62): error TS2307: Cannot find module 'computed-types' or its corresponding type declarations.
node_modules 2/@hookform/resolvers 3/fluentvalidation-ts/src/__tests__/__fixtures__/data.ts(1,27): error TS2307: Cannot find module 'fluentvalidation-ts' or its corresponding type declarations.
node_modules 2/@hookform/resolvers 3/fluentvalidation-ts/src/__tests__/__fixtures__/data.ts(30,10): error TS2339: Property 'ruleFor' does not exist on type 'SchemaValidator'.
node_modules 2/@hookform/resolvers 3/fluentvalidation-ts/src/__tests__/__fixtures__/data.ts(36,10): error TS2339: Property 'ruleFor' does not exist on type 'SchemaValidator'.
node_modules 2/@hookform/resolvers 3/fluentvalidation-ts/src/__tests__/__fixtures__/data.ts(49,10): error TS2339: Property 'ruleFor' does not exist on type 'SchemaValidator'.
node_modules 2/@hookform/resolvers 3/fluentvalidation-ts/src/__tests__/__fixtures__/data.ts(51,14): error TS7006: Parameter 'repeatPassword' implicitly has an 'any' type.
node_modules 2/@hookform/resolvers 3/fluentvalidation-ts/src/__tests__/__fixtures__/data.ts(51,30): error TS7006: Parameter 'data' implicitly has an 'any' type.
node_modules 2/@hookform/resolvers 3/fluentvalidation-ts/src/__tests__/__fixtures__/data.ts(53,10): error TS2339: Property 'ruleFor' does not exist on type 'SchemaValidator'.
node_modules 2/@hookform/resolvers 3/fluentvalidation-ts/src/__tests__/__fixtures__/data.ts(54,10): error TS2339: Property 'ruleFor' does not exist on type 'SchemaValidator'.
node_modules 2/@hookform/resolvers 3/fluentvalidation-ts/src/__tests__/__fixtures__/data.ts(57,14): error TS7006: Parameter 'birthYear' implicitly has an 'any' type.
node_modules 2/@hookform/resolvers 3/fluentvalidation-ts/src/__tests__/__fixtures__/data.ts(59,10): error TS2339: Property 'ruleFor' does not exist on type 'SchemaValidator'.
node_modules 2/@hookform/resolvers 3/fluentvalidation-ts/src/__tests__/__fixtures__/data.ts(60,10): error TS2339: Property 'ruleFor' does not exist on type 'SchemaValidator'.
node_modules 2/@hookform/resolvers 3/fluentvalidation-ts/src/__tests__/__fixtures__/data.ts(61,10): error TS2339: Property 'ruleFor' does not exist on type 'SchemaValidator'.
node_modules 2/@hookform/resolvers 3/fluentvalidation-ts/src/__tests__/__fixtures__/data.ts(63,10): error TS2339: Property 'ruleForEach' does not exist on type 'SchemaValidator'.
node_modules 2/@hookform/resolvers 3/fluentvalidation-ts/src/__tests__/__fixtures__/data.ts(74,10): error TS2339: Property 'ruleFor' does not exist on type 'LikeValidator'.
node_modules 2/@hookform/resolvers 3/fluentvalidation-ts/src/__tests__/__fixtures__/data.ts(75,10): error TS2339: Property 'ruleFor' does not exist on type 'LikeValidator'.
node_modules 2/@hookform/resolvers 3/io-ts/src/__tests__/__fixtures__/data.ts(1,20): error TS2307: Cannot find module 'io-ts' or its corresponding type declarations.
node_modules 2/@hookform/resolvers 3/io-ts/src/__tests__/__fixtures__/data.ts(2,21): error TS2307: Cannot find module 'io-ts-types' or its corresponding type declarations.
node_modules 2/@hookform/resolvers 3/io-ts/src/__tests__/__fixtures__/data.ts(45,12): error TS7006: Parameter 'i' implicitly has an 'any' type.
node_modules 2/@hookform/resolvers 3/joi/src/__tests__/__fixtures__/data.ts(1,22): error TS2307: Cannot find module 'joi' or its corresponding type declarations.
node_modules 2/@hookform/resolvers 3/nope/src/__tests__/__fixtures__/data.ts(1,18): error TS2307: Cannot find module 'nope-validator' or its corresponding type declarations.
node_modules 2/@hookform/resolvers 3/superstruct/src/__tests__/__fixtures__/data.ts(16,8): error TS2307: Cannot find module 'superstruct' or its corresponding type declarations.
node_modules 2/@hookform/resolvers 3/superstruct/src/__tests__/__fixtures__/data.ts(20,4): error TS7006: Parameter 'value' implicitly has an 'any' type.
node_modules 2/@hookform/resolvers 3/superstruct/src/__tests__/__fixtures__/data.ts(20,11): error TS7006: Parameter 'ctx' implicitly has an 'any' type.
node_modules 2/@hookform/resolvers 3/typanion/src/__tests__/__fixtures__/data.ts(2,20): error TS2307: Cannot find module 'typanion' or its corresponding type declarations.
node_modules 2/@hookform/resolvers 3/vest/src/__tests__/__fixtures__/data.ts(2,23): error TS2307: Cannot find module 'vest' or its corresponding type declarations.
node_modules 2/@hookform/resolvers 3/vine/src/__tests__/__fixtures__/data.ts(1,18): error TS2307: Cannot find module '@vinejs/vine' or its corresponding type declarations.
node_modules 2/@hookform/resolvers 3/vine/src/__tests__/__fixtures__/data.ts(2,28): error TS2307: Cannot find module '@vinejs/vine/build/src/types' or its corresponding type declarations.
node_modules 2/@hookform/resolvers 3/yup/src/__tests__/__fixtures__/data.ts(2,22): error TS2307: Cannot find module 'yup' or its corresponding type declarations.
node_modules 2/@hookform/resolvers 3/yup/src/__tests__/__fixtures__/data.ts(33,38): error TS7031: Binding element 'name' implicitly has an 'any' type.
node_modules 2/@hookform/resolvers 3/yup/src/__tests__/__fixtures__/data.ts(33,45): error TS7006: Parameter 'schema' implicitly has an 'any' type.
node_modules 2/@hookform/resolvers/arktype/src/__tests__/__fixtures__/data.ts(1,22): error TS2307: Cannot find module 'arktype' or its corresponding type declarations.
node_modules 2/@hookform/resolvers/class-validator/src/__tests__/__fixtures__/data.ts(2,22): error TS2307: Cannot find module 'class-transformer' or its corresponding type declarations.
node_modules 2/@hookform/resolvers/class-validator/src/__tests__/__fixtures__/data.ts(11,8): error TS2307: Cannot find module 'class-validator' or its corresponding type declarations.
node_modules 2/@hookform/resolvers/class-validator/src/__tests__/__fixtures__/data.ts(16,3): error TS2564: Property 'id' has no initializer and is not definitely assigned in the constructor.
node_modules 2/@hookform/resolvers/class-validator/src/__tests__/__fixtures__/data.ts(19,3): error TS2564: Property 'name' has no initializer and is not definitely assigned in the constructor.
node_modules 2/@hookform/resolvers/class-validator/src/__tests__/__fixtures__/data.ts(25,3): error TS2564: Property 'username' has no initializer and is not definitely assigned in the constructor.
node_modules 2/@hookform/resolvers/class-validator/src/__tests__/__fixtures__/data.ts(28,3): error TS2564: Property 'password' has no initializer and is not definitely assigned in the constructor.
node_modules 2/@hookform/resolvers/class-validator/src/__tests__/__fixtures__/data.ts(32,3): error TS2564: Property 'birthYear' has no initializer and is not definitely assigned in the constructor.
node_modules 2/@hookform/resolvers/class-validator/src/__tests__/__fixtures__/data.ts(35,3): error TS2564: Property 'email' has no initializer and is not definitely assigned in the constructor.
node_modules 2/@hookform/resolvers/class-validator/src/__tests__/__fixtures__/data.ts(37,3): error TS2564: Property 'accessToken' has no initializer and is not definitely assigned in the constructor.
node_modules 2/@hookform/resolvers/class-validator/src/__tests__/__fixtures__/data.ts(39,3): error TS2564: Property 'tags' has no initializer and is not definitely assigned in the constructor.
node_modules 2/@hookform/resolvers/class-validator/src/__tests__/__fixtures__/data.ts(41,3): error TS2564: Property 'enabled' has no initializer and is not definitely assigned in the constructor.
node_modules 2/@hookform/resolvers/class-validator/src/__tests__/__fixtures__/data.ts(45,3): error TS2564: Property 'like' has no initializer and is not definitely assigned in the constructor.
node_modules 2/@hookform/resolvers/computed-types/src/__tests__/__fixtures__/data.ts(1,62): error TS2307: Cannot find module 'computed-types' or its corresponding type declarations.
node_modules 2/@hookform/resolvers/fluentvalidation-ts/src/__tests__/__fixtures__/data.ts(1,27): error TS2307: Cannot find module 'fluentvalidation-ts' or its corresponding type declarations.
node_modules 2/@hookform/resolvers/fluentvalidation-ts/src/__tests__/__fixtures__/data.ts(30,10): error TS2339: Property 'ruleFor' does not exist on type 'SchemaValidator'.
node_modules 2/@hookform/resolvers/fluentvalidation-ts/src/__tests__/__fixtures__/data.ts(36,10): error TS2339: Property 'ruleFor' does not exist on type 'SchemaValidator'.
node_modules 2/@hookform/resolvers/fluentvalidation-ts/src/__tests__/__fixtures__/data.ts(49,10): error TS2339: Property 'ruleFor' does not exist on type 'SchemaValidator'.
node_modules 2/@hookform/resolvers/fluentvalidation-ts/src/__tests__/__fixtures__/data.ts(51,14): error TS7006: Parameter 'repeatPassword' implicitly has an 'any' type.
node_modules 2/@hookform/resolvers/fluentvalidation-ts/src/__tests__/__fixtures__/data.ts(51,30): error TS7006: Parameter 'data' implicitly has an 'any' type.
node_modules 2/@hookform/resolvers/fluentvalidation-ts/src/__tests__/__fixtures__/data.ts(53,10): error TS2339: Property 'ruleFor' does not exist on type 'SchemaValidator'.
node_modules 2/@hookform/resolvers/fluentvalidation-ts/src/__tests__/__fixtures__/data.ts(54,10): error TS2339: Property 'ruleFor' does not exist on type 'SchemaValidator'.
node_modules 2/@hookform/resolvers/fluentvalidation-ts/src/__tests__/__fixtures__/data.ts(57,14): error TS7006: Parameter 'birthYear' implicitly has an 'any' type.
node_modules 2/@hookform/resolvers/fluentvalidation-ts/src/__tests__/__fixtures__/data.ts(59,10): error TS2339: Property 'ruleFor' does not exist on type 'SchemaValidator'.
node_modules 2/@hookform/resolvers/fluentvalidation-ts/src/__tests__/__fixtures__/data.ts(60,10): error TS2339: Property 'ruleFor' does not exist on type 'SchemaValidator'.
node_modules 2/@hookform/resolvers/fluentvalidation-ts/src/__tests__/__fixtures__/data.ts(61,10): error TS2339: Property 'ruleFor' does not exist on type 'SchemaValidator'.
node_modules 2/@hookform/resolvers/fluentvalidation-ts/src/__tests__/__fixtures__/data.ts(63,10): error TS2339: Property 'ruleForEach' does not exist on type 'SchemaValidator'.
node_modules 2/@hookform/resolvers/fluentvalidation-ts/src/__tests__/__fixtures__/data.ts(74,10): error TS2339: Property 'ruleFor' does not exist on type 'LikeValidator'.
node_modules 2/@hookform/resolvers/fluentvalidation-ts/src/__tests__/__fixtures__/data.ts(75,10): error TS2339: Property 'ruleFor' does not exist on type 'LikeValidator'.
node_modules 2/@hookform/resolvers/io-ts/src/__tests__/__fixtures__/data.ts(1,20): error TS2307: Cannot find module 'io-ts' or its corresponding type declarations.
node_modules 2/@hookform/resolvers/io-ts/src/__tests__/__fixtures__/data.ts(2,21): error TS2307: Cannot find module 'io-ts-types' or its corresponding type declarations.
node_modules 2/@hookform/resolvers/io-ts/src/__tests__/__fixtures__/data.ts(45,12): error TS7006: Parameter 'i' implicitly has an 'any' type.
node_modules 2/@hookform/resolvers/joi/src/__tests__/__fixtures__/data.ts(1,22): error TS2307: Cannot find module 'joi' or its corresponding type declarations.
node_modules 2/@hookform/resolvers/nope/src/__tests__/__fixtures__/data.ts(1,18): error TS2307: Cannot find module 'nope-validator' or its corresponding type declarations.
node_modules 2/@hookform/resolvers/superstruct/src/__tests__/__fixtures__/data.ts(16,8): error TS2307: Cannot find module 'superstruct' or its corresponding type declarations.
node_modules 2/@hookform/resolvers/superstruct/src/__tests__/__fixtures__/data.ts(20,4): error TS7006: Parameter 'value' implicitly has an 'any' type.
node_modules 2/@hookform/resolvers/superstruct/src/__tests__/__fixtures__/data.ts(20,11): error TS7006: Parameter 'ctx' implicitly has an 'any' type.
node_modules 2/@hookform/resolvers/typanion/src/__tests__/__fixtures__/data.ts(2,20): error TS2307: Cannot find module 'typanion' or its corresponding type declarations.
node_modules 2/@hookform/resolvers/vest/src/__tests__/__fixtures__/data.ts(2,23): error TS2307: Cannot find module 'vest' or its corresponding type declarations.
node_modules 2/@hookform/resolvers/vine/src/__tests__/__fixtures__/data.ts(1,18): error TS2307: Cannot find module '@vinejs/vine' or its corresponding type declarations.
node_modules 2/@hookform/resolvers/vine/src/__tests__/__fixtures__/data.ts(2,28): error TS2307: Cannot find module '@vinejs/vine/build/src/types' or its corresponding type declarations.
node_modules 2/@hookform/resolvers/yup/src/__tests__/__fixtures__/data.ts(2,22): error TS2307: Cannot find module 'yup' or its corresponding type declarations.
node_modules 2/@hookform/resolvers/yup/src/__tests__/__fixtures__/data.ts(33,38): error TS7031: Binding element 'name' implicitly has an 'any' type.
node_modules 2/@hookform/resolvers/yup/src/__tests__/__fixtures__/data.ts(33,45): error TS7006: Parameter 'schema' implicitly has an 'any' type.
node_modules 2/@reduxjs/toolkit 2/src/query/core/buildMiddleware/batchActions.ts(2,67): error TS2307: Cannot find module '../apiState' or its corresponding type declarations.
node_modules 2/@reduxjs/toolkit 2/src/query/core/buildMiddleware/batchActions.ts(3,36): error TS2307: Cannot find module '../../utils/immerImports' or its corresponding type declarations.
node_modules 2/@reduxjs/toolkit 2/src/query/core/buildMiddleware/batchActions.ts(5,51): error TS2307: Cannot find module '../../utils/getOrInsert' or its corresponding type declarations.
node_modules 2/@reduxjs/toolkit 2/src/query/core/buildMiddleware/batchActions.ts(27,60): error TS2339: Property 'payload' does not exist on type 'Action'.
node_modules 2/@reduxjs/toolkit 2/src/query/core/buildMiddleware/batchActions.ts(36,51): error TS2339: Property 'payload' does not exist on type 'Action'.
node_modules 2/@reduxjs/toolkit 2/src/query/core/buildMiddleware/batchActions.ts(44,42): error TS2339: Property 'payload' does not exist on type 'Action'.
node_modules 2/@reduxjs/toolkit 2/src/query/core/buildMiddleware/batchActions.ts(49,9): error TS2339: Property 'meta' does not exist on type 'Action'.
node_modules 2/@reduxjs/toolkit 2/src/query/core/buildMiddleware/batchActions.ts(68,9): error TS2339: Property 'meta' does not exist on type 'Action'.
node_modules 2/@reduxjs/toolkit 2/src/query/core/buildMiddleware/batchActions.ts(198,16): error TS2339: Property 'meta' does not exist on type 'Action'.
node_modules 2/@reduxjs/toolkit 2/src/query/core/buildMiddleware/batchActions.ts(199,18): error TS2339: Property 'meta' does not exist on type 'Action'.
node_modules 2/@reduxjs/toolkit 2/src/query/core/buildMiddleware/cacheCollection.ts(1,39): error TS2307: Cannot find module '@internal/query/apiTypes' or its corresponding type declarations.
node_modules 2/@reduxjs/toolkit 2/src/query/core/buildMiddleware/cacheCollection.ts(2,38): error TS2307: Cannot find module '../../endpointDefinitions' or its corresponding type declarations.
node_modules 2/@reduxjs/toolkit 2/src/query/core/buildMiddleware/cacheCollection.ts(3,64): error TS2307: Cannot find module '../apiState' or its corresponding type declarations.
node_modules 2/@reduxjs/toolkit 2/src/query/core/buildMiddleware/cacheCollection.ts(4,25): error TS2307: Cannot find module '../rtkImports' or its corresponding type declarations.
node_modules 2/@reduxjs/toolkit 2/src/query/core/buildMiddleware/cacheCollection.ts(103,33): error TS2339: Property 'payload' does not exist on type 'Action'.
node_modules 2/@reduxjs/toolkit 2/src/query/core/buildMiddleware/cacheCollection.ts(104,12): error TS7006: Parameter 'entry' implicitly has an 'any' type.
node_modules 2/@reduxjs/toolkit 2/src/query/core/buildMiddleware/cacheCollection.ts(108,20): error TS2339: Property 'payload' does not exist on type 'Action'.
node_modules 2/@reduxjs/toolkit 2/src/query/core/buildMiddleware/cacheCollection.ts(109,20): error TS2339: Property 'meta' does not exist on type 'Action'.
node_modules 2/@reduxjs/toolkit 2/src/query/core/buildMiddleware/cacheLifecycle.ts(6,8): error TS2307: Cannot find module '../../baseQueryTypes' or its corresponding type declarations.
node_modules 2/@reduxjs/toolkit 2/src/query/core/buildMiddleware/cacheLifecycle.ts(10,8): error TS2307: Cannot find module '../../endpointDefinitions' or its corresponding type declarations.
node_modules 2/@reduxjs/toolkit 2/src/query/core/buildMiddleware/cacheLifecycle.ts(11,38): error TS2307: Cannot find module '../../endpointDefinitions' or its corresponding type declarations.
node_modules 2/@reduxjs/toolkit 2/src/query/core/buildMiddleware/cacheLifecycle.ts(12,47): error TS2307: Cannot find module '../apiState' or its corresponding type declarations.
node_modules 2/@reduxjs/toolkit 2/src/query/core/buildMiddleware/cacheLifecycle.ts(16,8): error TS2307: Cannot find module '../buildSelectors' or its corresponding type declarations.
node_modules 2/@reduxjs/toolkit 2/src/query/core/buildMiddleware/cacheLifecycle.ts(17,37): error TS2307: Cannot find module '../buildSlice' or its corresponding type declarations.
node_modules 2/@reduxjs/toolkit 2/src/query/core/buildMiddleware/cacheLifecycle.ts(18,46): error TS2307: Cannot find module '../buildThunks' or its corresponding type declarations.
node_modules 2/@reduxjs/toolkit 2/src/query/core/buildMiddleware/cacheLifecycle.ts(19,49): error TS2307: Cannot find module '../rtkImports' or its corresponding type declarations.
node_modules 2/@reduxjs/toolkit 2/src/query/core/buildMiddleware/cacheLifecycle.ts(26,39): error TS2307: Cannot find module '@internal/query/apiTypes' or its corresponding type declarations.
node_modules 2/@reduxjs/toolkit 2/src/query/core/buildMiddleware/cacheLifecycle.ts(271,56): error TS2339: Property 'payload' does not exist on type 'Action'.
node_modules 2/@reduxjs/toolkit 2/src/query/core/buildMiddleware/cacheLifecycle.ts(276,18): error TS2339: Property 'meta' does not exist on type 'Action'.
node_modules 2/@reduxjs/toolkit 2/src/query/core/buildMiddleware/cacheLifecycle.ts(290,46): error TS2339: Property 'payload' does not exist on type 'Action'.
node_modules 2/@reduxjs/toolkit 2/src/query/core/buildMiddleware/cacheLifecycle.ts(290,62): error TS2339: Property 'meta' does not exist on type 'Action'.
node_modules 2/@reduxjs/toolkit 2/src/query/core/buildMiddleware/devMiddleware.ts(20,16): error TS2339: Property 'payload' does not exist on type 'Action'.
node_modules 2/@reduxjs/toolkit 2/src/query/core/buildMiddleware/index.ts(10,8): error TS2307: Cannot find module '../../endpointDefinitions' or its corresponding type declarations.
node_modules 2/@reduxjs/toolkit 2/src/query/core/buildMiddleware/index.ts(11,60): error TS2307: Cannot find module '../apiState' or its corresponding type declarations.
node_modules 2/@reduxjs/toolkit 2/src/query/core/buildMiddleware/index.ts(12,36): error TS2307: Cannot find module '../buildThunks' or its corresponding type declarations.
node_modules 2/@reduxjs/toolkit 2/src/query/core/buildMiddleware/index.ts(13,40): error TS2307: Cannot find module '../rtkImports' or its corresponding type declarations.
node_modules 2/@reduxjs/toolkit 2/src/query/core/buildMiddleware/index.ts(27,39): error TS2307: Cannot find module '../module' or its corresponding type declarations.
node_modules 2/@reduxjs/toolkit 2/src/query/core/buildMiddleware/index.ts(111,33): error TS2345: Argument of type 'unknown' is not assignable to parameter of type 'Action'.
node_modules 2/@reduxjs/toolkit 2/src/query/core/buildMiddleware/index.ts(125,31): error TS2345: Argument of type 'unknown' is not assignable to parameter of type 'Action'.
node_modules 2/@reduxjs/toolkit 2/src/query/core/buildMiddleware/index.ts(128,34): error TS2345: Argument of type 'unknown' is not assignable to parameter of type 'Action'.
node_modules 2/@reduxjs/toolkit 2/src/query/core/buildMiddleware/index.ts(134,23): error TS2345: Argument of type 'unknown' is not assignable to parameter of type 'Action'.
node_modules 2/@reduxjs/toolkit 2/src/query/core/buildMiddleware/invalidationByTags.ts(6,8): error TS2307: Cannot find module '../rtkImports' or its corresponding type declarations.
node_modules 2/@reduxjs/toolkit 2/src/query/core/buildMiddleware/invalidationByTags.ts(11,8): error TS2307: Cannot find module '../../endpointDefinitions' or its corresponding type declarations.
node_modules 2/@reduxjs/toolkit 2/src/query/core/buildMiddleware/invalidationByTags.ts(12,37): error TS2307: Cannot find module '../../endpointDefinitions' or its corresponding type declarations.
node_modules 2/@reduxjs/toolkit 2/src/query/core/buildMiddleware/invalidationByTags.ts(13,51): error TS2307: Cannot find module '../apiState' or its corresponding type declarations.
node_modules 2/@reduxjs/toolkit 2/src/query/core/buildMiddleware/invalidationByTags.ts(14,51): error TS2307: Cannot find module '../apiState' or its corresponding type declarations.
node_modules 2/@reduxjs/toolkit 2/src/query/core/buildMiddleware/invalidationByTags.ts(15,42): error TS2307: Cannot find module '../buildThunks' or its corresponding type declarations.
node_modules 2/@reduxjs/toolkit 2/src/query/core/buildMiddleware/invalidationByTags.ts(21,51): error TS2307: Cannot find module '../../utils/getOrInsert' or its corresponding type declarations.
node_modules 2/@reduxjs/toolkit 2/src/query/core/buildMiddleware/invalidationByTags.ts(75,18): error TS2339: Property 'payload' does not exist on type 'Action'.
node_modules 2/@reduxjs/toolkit 2/src/query/core/buildMiddleware/invalidationByTags.ts(115,20): error TS2339: Property 'queryCacheKey' does not exist on type 'unknown'.
node_modules 2/@reduxjs/toolkit 2/src/query/core/buildMiddleware/polling.ts(6,8): error TS2307: Cannot find module '../apiState' or its corresponding type declarations.
node_modules 2/@reduxjs/toolkit 2/src/query/core/buildMiddleware/polling.ts(7,51): error TS2307: Cannot find module '../apiState' or its corresponding type declarations.
node_modules 2/@reduxjs/toolkit 2/src/query/core/buildMiddleware/polling.ts(35,36): error TS2339: Property 'payload' does not exist on type 'Action'.
node_modules 2/@reduxjs/toolkit 2/src/query/core/buildMiddleware/polling.ts(40,52): error TS2339: Property 'meta' does not exist on type 'Action'.
node_modules 2/@reduxjs/toolkit 2/src/query/core/buildMiddleware/polling.ts(42,36): error TS2339: Property 'meta' does not exist on type 'Action'.
node_modules 2/@reduxjs/toolkit 2/src/query/core/buildMiddleware/polling.ts(47,53): error TS2339: Property 'meta' does not exist on type 'Action'.
node_modules 2/@reduxjs/toolkit 2/src/query/core/buildMiddleware/polling.ts(49,28): error TS2339: Property 'meta' does not exist on type 'Action'.
node_modules 2/@reduxjs/toolkit 2/src/query/core/buildMiddleware/queryLifecycle.ts(1,39): error TS2307: Cannot find module '@internal/query/apiTypes' or its corresponding type declarations.
node_modules 2/@reduxjs/toolkit 2/src/query/core/buildMiddleware/queryLifecycle.ts(6,8): error TS2307: Cannot find module '../../baseQueryTypes' or its corresponding type declarations.
node_modules 2/@reduxjs/toolkit 2/src/query/core/buildMiddleware/queryLifecycle.ts(7,38): error TS2307: Cannot find module '../../endpointDefinitions' or its corresponding type declarations.
node_modules 2/@reduxjs/toolkit 2/src/query/core/buildMiddleware/queryLifecycle.ts(8,29): error TS2307: Cannot find module '../buildThunks' or its corresponding type declarations.
node_modules 2/@reduxjs/toolkit 2/src/query/core/buildMiddleware/queryLifecycle.ts(9,52): error TS2307: Cannot find module '../rtkImports' or its corresponding type declarations.
node_modules 2/@reduxjs/toolkit 2/src/query/core/buildMiddleware/queryLifecycle.ts(445,18): error TS2339: Property 'meta' does not exist on type 'Action'.
node_modules 2/@reduxjs/toolkit 2/src/query/core/buildMiddleware/queryLifecycle.ts(487,51): error TS2339: Property 'meta' does not exist on type 'Action'.
node_modules 2/@reduxjs/toolkit 2/src/query/core/buildMiddleware/queryLifecycle.ts(489,22): error TS2339: Property 'payload' does not exist on type 'Action'.
node_modules 2/@reduxjs/toolkit 2/src/query/core/buildMiddleware/queryLifecycle.ts(494,70): error TS2339: Property 'meta' does not exist on type 'Action'.
node_modules 2/@reduxjs/toolkit 2/src/query/core/buildMiddleware/queryLifecycle.ts(496,23): error TS2339: Property 'payload' does not exist on type 'Action'.
node_modules 2/@reduxjs/toolkit 2/src/query/core/buildMiddleware/queryLifecycle.ts(496,41): error TS2339: Property 'error' does not exist on type 'Action'.
node_modules 2/@reduxjs/toolkit 2/src/query/core/buildMiddleware/types.ts(11,38): error TS2307: Cannot find module '../../apiTypes' or its corresponding type declarations.
node_modules 2/@reduxjs/toolkit 2/src/query/core/buildMiddleware/types.ts(15,8): error TS2307: Cannot find module '../../endpointDefinitions' or its corresponding type declarations.
node_modules 2/@reduxjs/toolkit 2/src/query/core/buildMiddleware/types.ts(22,8): error TS2307: Cannot find module '../apiState' or its corresponding type declarations.
node_modules 2/@reduxjs/toolkit 2/src/query/core/buildMiddleware/types.ts(29,8): error TS2307: Cannot find module '../buildThunks' or its corresponding type declarations.
node_modules 2/@reduxjs/toolkit 2/src/query/core/buildMiddleware/types.ts(34,8): error TS2307: Cannot find module '../buildInitiate' or its corresponding type declarations.
node_modules 2/@reduxjs/toolkit 2/src/query/core/buildMiddleware/types.ts(35,35): error TS2307: Cannot find module '../buildSelectors' or its corresponding type declarations.
node_modules 2/@reduxjs/toolkit 2/src/query/core/buildMiddleware/windowEventHandling.ts(1,51): error TS2307: Cannot find module '../apiState' or its corresponding type declarations.
node_modules 2/@reduxjs/toolkit 2/src/query/core/buildMiddleware/windowEventHandling.ts(2,36): error TS2307: Cannot find module '../apiState' or its corresponding type declarations.
node_modules 2/@reduxjs/toolkit 2/src/query/core/buildMiddleware/windowEventHandling.ts(3,35): error TS2307: Cannot find module '../setupListeners' or its corresponding type declarations.
node_modules 2/@reduxjs/toolkit 2/src/query/tests/mocks/handlers.ts(1,33): error TS2307: Cannot find module 'headers-polyfill' or its corresponding type declarations.
node_modules 2/@reduxjs/toolkit 2/src/query/tests/mocks/handlers.ts(2,36): error TS2307: Cannot find module 'msw' or its corresponding type declarations.
node_modules 2/@reduxjs/toolkit 2/src/query/tests/mocks/handlers.ts(17,14): error TS7031: Binding element 'request' implicitly has an 'any' type.
node_modules 2/@reduxjs/toolkit 2/src/query/tests/mocks/handlers.ts(17,23): error TS7031: Binding element 'params' implicitly has an 'any' type.
node_modules 2/@reduxjs/toolkit 2/src/query/tests/mocks/handlers.ts(17,31): error TS7031: Binding element 'cookies' implicitly has an 'any' type.
node_modules 2/@reduxjs/toolkit 2/src/query/tests/mocks/handlers.ts(17,40): error TS7031: Binding element 'requestId' implicitly has an 'any' type.
node_modules 2/@reduxjs/toolkit 2/src/query/tests/mocks/handlers.ts(23,14): error TS7031: Binding element 'request' implicitly has an 'any' type.
node_modules 2/@reduxjs/toolkit 2/src/query/tests/mocks/handlers.ts(23,23): error TS7031: Binding element 'params' implicitly has an 'any' type.
node_modules 2/@reduxjs/toolkit 2/src/query/tests/mocks/handlers.ts(23,31): error TS7031: Binding element 'cookies' implicitly has an 'any' type.
node_modules 2/@reduxjs/toolkit 2/src/query/tests/mocks/handlers.ts(23,40): error TS7031: Binding element 'requestId' implicitly has an 'any' type.
node_modules 2/@reduxjs/toolkit 2/src/query/tests/mocks/handlers.ts(37,14): error TS7031: Binding element 'request' implicitly has an 'any' type.
node_modules 2/@reduxjs/toolkit 2/src/query/tests/mocks/handlers.ts(37,23): error TS7031: Binding element 'cookies' implicitly has an 'any' type.
node_modules 2/@reduxjs/toolkit 2/src/query/tests/mocks/handlers.ts(37,32): error TS7031: Binding element 'params' implicitly has an 'any' type.
node_modules 2/@reduxjs/toolkit 2/src/query/tests/mocks/handlers.ts(37,40): error TS7031: Binding element 'requestId' implicitly has an 'any' type.
node_modules 2/@reduxjs/toolkit 2/src/query/tests/mocks/handlers.ts(89,45): error TS7031: Binding element 'params' implicitly has an 'any' type.
node_modules 2/@reduxjs/toolkit 2/src/query/tests/mocks/handlers.ts(93,46): error TS7031: Binding element 'params' implicitly has an 'any' type.
node_modules 2/@reduxjs/toolkit 2/src/query/tests/mocks/handlers.ts(105,8): error TS7031: Binding element 'params' implicitly has an 'any' type.
node_modules 2/@reduxjs/toolkit 2/src/query/tests/mocks/server.ts(1,29): error TS2307: Cannot find module 'msw/node' or its corresponding type declarations.
node_modules 2/@reduxjs/toolkit/src/query/core/buildMiddleware/batchActions.ts(2,67): error TS2307: Cannot find module '../apiState' or its corresponding type declarations.
node_modules 2/@reduxjs/toolkit/src/query/core/buildMiddleware/batchActions.ts(3,36): error TS2307: Cannot find module '../../utils/immerImports' or its corresponding type declarations.
node_modules 2/@reduxjs/toolkit/src/query/core/buildMiddleware/batchActions.ts(5,51): error TS2307: Cannot find module '../../utils/getOrInsert' or its corresponding type declarations.
node_modules 2/@reduxjs/toolkit/src/query/core/buildMiddleware/batchActions.ts(27,60): error TS2339: Property 'payload' does not exist on type 'Action'.
node_modules 2/@reduxjs/toolkit/src/query/core/buildMiddleware/batchActions.ts(36,51): error TS2339: Property 'payload' does not exist on type 'Action'.
node_modules 2/@reduxjs/toolkit/src/query/core/buildMiddleware/batchActions.ts(44,42): error TS2339: Property 'payload' does not exist on type 'Action'.
node_modules 2/@reduxjs/toolkit/src/query/core/buildMiddleware/batchActions.ts(49,9): error TS2339: Property 'meta' does not exist on type 'Action'.
node_modules 2/@reduxjs/toolkit/src/query/core/buildMiddleware/batchActions.ts(68,9): error TS2339: Property 'meta' does not exist on type 'Action'.
node_modules 2/@reduxjs/toolkit/src/query/core/buildMiddleware/batchActions.ts(198,16): error TS2339: Property 'meta' does not exist on type 'Action'.
node_modules 2/@reduxjs/toolkit/src/query/core/buildMiddleware/batchActions.ts(199,18): error TS2339: Property 'meta' does not exist on type 'Action'.
node_modules 2/@reduxjs/toolkit/src/query/core/buildMiddleware/cacheCollection.ts(1,39): error TS2307: Cannot find module '@internal/query/apiTypes' or its corresponding type declarations.
node_modules 2/@reduxjs/toolkit/src/query/core/buildMiddleware/cacheCollection.ts(2,38): error TS2307: Cannot find module '../../endpointDefinitions' or its corresponding type declarations.
node_modules 2/@reduxjs/toolkit/src/query/core/buildMiddleware/cacheCollection.ts(3,64): error TS2307: Cannot find module '../apiState' or its corresponding type declarations.
node_modules 2/@reduxjs/toolkit/src/query/core/buildMiddleware/cacheCollection.ts(4,25): error TS2307: Cannot find module '../rtkImports' or its corresponding type declarations.
node_modules 2/@reduxjs/toolkit/src/query/core/buildMiddleware/cacheCollection.ts(103,33): error TS2339: Property 'payload' does not exist on type 'Action'.
node_modules 2/@reduxjs/toolkit/src/query/core/buildMiddleware/cacheCollection.ts(104,12): error TS7006: Parameter 'entry' implicitly has an 'any' type.
node_modules 2/@reduxjs/toolkit/src/query/core/buildMiddleware/cacheCollection.ts(108,20): error TS2339: Property 'payload' does not exist on type 'Action'.
node_modules 2/@reduxjs/toolkit/src/query/core/buildMiddleware/cacheCollection.ts(109,20): error TS2339: Property 'meta' does not exist on type 'Action'.
node_modules 2/@reduxjs/toolkit/src/query/core/buildMiddleware/cacheLifecycle.ts(6,8): error TS2307: Cannot find module '../../baseQueryTypes' or its corresponding type declarations.
node_modules 2/@reduxjs/toolkit/src/query/core/buildMiddleware/cacheLifecycle.ts(10,8): error TS2307: Cannot find module '../../endpointDefinitions' or its corresponding type declarations.
node_modules 2/@reduxjs/toolkit/src/query/core/buildMiddleware/cacheLifecycle.ts(11,38): error TS2307: Cannot find module '../../endpointDefinitions' or its corresponding type declarations.
node_modules 2/@reduxjs/toolkit/src/query/core/buildMiddleware/cacheLifecycle.ts(12,47): error TS2307: Cannot find module '../apiState' or its corresponding type declarations.
node_modules 2/@reduxjs/toolkit/src/query/core/buildMiddleware/cacheLifecycle.ts(16,8): error TS2307: Cannot find module '../buildSelectors' or its corresponding type declarations.
node_modules 2/@reduxjs/toolkit/src/query/core/buildMiddleware/cacheLifecycle.ts(17,37): error TS2307: Cannot find module '../buildSlice' or its corresponding type declarations.
node_modules 2/@reduxjs/toolkit/src/query/core/buildMiddleware/cacheLifecycle.ts(18,46): error TS2307: Cannot find module '../buildThunks' or its corresponding type declarations.
node_modules 2/@reduxjs/toolkit/src/query/core/buildMiddleware/cacheLifecycle.ts(19,49): error TS2307: Cannot find module '../rtkImports' or its corresponding type declarations.
node_modules 2/@reduxjs/toolkit/src/query/core/buildMiddleware/cacheLifecycle.ts(26,39): error TS2307: Cannot find module '@internal/query/apiTypes' or its corresponding type declarations.
node_modules 2/@reduxjs/toolkit/src/query/core/buildMiddleware/cacheLifecycle.ts(271,56): error TS2339: Property 'payload' does not exist on type 'Action'.
node_modules 2/@reduxjs/toolkit/src/query/core/buildMiddleware/cacheLifecycle.ts(276,18): error TS2339: Property 'meta' does not exist on type 'Action'.
node_modules 2/@reduxjs/toolkit/src/query/core/buildMiddleware/cacheLifecycle.ts(290,46): error TS2339: Property 'payload' does not exist on type 'Action'.
node_modules 2/@reduxjs/toolkit/src/query/core/buildMiddleware/cacheLifecycle.ts(290,62): error TS2339: Property 'meta' does not exist on type 'Action'.
node_modules 2/@reduxjs/toolkit/src/query/core/buildMiddleware/devMiddleware.ts(20,16): error TS2339: Property 'payload' does not exist on type 'Action'.
node_modules 2/@reduxjs/toolkit/src/query/core/buildMiddleware/index.ts(10,8): error TS2307: Cannot find module '../../endpointDefinitions' or its corresponding type declarations.
node_modules 2/@reduxjs/toolkit/src/query/core/buildMiddleware/index.ts(11,60): error TS2307: Cannot find module '../apiState' or its corresponding type declarations.
node_modules 2/@reduxjs/toolkit/src/query/core/buildMiddleware/index.ts(12,36): error TS2307: Cannot find module '../buildThunks' or its corresponding type declarations.
node_modules 2/@reduxjs/toolkit/src/query/core/buildMiddleware/index.ts(13,40): error TS2307: Cannot find module '../rtkImports' or its corresponding type declarations.
node_modules 2/@reduxjs/toolkit/src/query/core/buildMiddleware/index.ts(27,39): error TS2307: Cannot find module '../module' or its corresponding type declarations.
node_modules 2/@reduxjs/toolkit/src/query/core/buildMiddleware/index.ts(111,33): error TS2345: Argument of type 'unknown' is not assignable to parameter of type 'Action'.
node_modules 2/@reduxjs/toolkit/src/query/core/buildMiddleware/index.ts(125,31): error TS2345: Argument of type 'unknown' is not assignable to parameter of type 'Action'.
node_modules 2/@reduxjs/toolkit/src/query/core/buildMiddleware/index.ts(128,34): error TS2345: Argument of type 'unknown' is not assignable to parameter of type 'Action'.
node_modules 2/@reduxjs/toolkit/src/query/core/buildMiddleware/index.ts(134,23): error TS2345: Argument of type 'unknown' is not assignable to parameter of type 'Action'.
node_modules 2/@reduxjs/toolkit/src/query/core/buildMiddleware/invalidationByTags.ts(6,8): error TS2307: Cannot find module '../rtkImports' or its corresponding type declarations.
node_modules 2/@reduxjs/toolkit/src/query/core/buildMiddleware/invalidationByTags.ts(11,8): error TS2307: Cannot find module '../../endpointDefinitions' or its corresponding type declarations.
node_modules 2/@reduxjs/toolkit/src/query/core/buildMiddleware/invalidationByTags.ts(12,37): error TS2307: Cannot find module '../../endpointDefinitions' or its corresponding type declarations.
node_modules 2/@reduxjs/toolkit/src/query/core/buildMiddleware/invalidationByTags.ts(13,51): error TS2307: Cannot find module '../apiState' or its corresponding type declarations.
node_modules 2/@reduxjs/toolkit/src/query/core/buildMiddleware/invalidationByTags.ts(14,51): error TS2307: Cannot find module '../apiState' or its corresponding type declarations.
node_modules 2/@reduxjs/toolkit/src/query/core/buildMiddleware/invalidationByTags.ts(15,42): error TS2307: Cannot find module '../buildThunks' or its corresponding type declarations.
node_modules 2/@reduxjs/toolkit/src/query/core/buildMiddleware/invalidationByTags.ts(21,51): error TS2307: Cannot find module '../../utils/getOrInsert' or its corresponding type declarations.
node_modules 2/@reduxjs/toolkit/src/query/core/buildMiddleware/invalidationByTags.ts(75,18): error TS2339: Property 'payload' does not exist on type 'Action'.
node_modules 2/@reduxjs/toolkit/src/query/core/buildMiddleware/invalidationByTags.ts(115,20): error TS2339: Property 'queryCacheKey' does not exist on type 'unknown'.
node_modules 2/@reduxjs/toolkit/src/query/core/buildMiddleware/polling.ts(6,8): error TS2307: Cannot find module '../apiState' or its corresponding type declarations.
node_modules 2/@reduxjs/toolkit/src/query/core/buildMiddleware/polling.ts(7,51): error TS2307: Cannot find module '../apiState' or its corresponding type declarations.
node_modules 2/@reduxjs/toolkit/src/query/core/buildMiddleware/polling.ts(35,36): error TS2339: Property 'payload' does not exist on type 'Action'.
node_modules 2/@reduxjs/toolkit/src/query/core/buildMiddleware/polling.ts(40,52): error TS2339: Property 'meta' does not exist on type 'Action'.
node_modules 2/@reduxjs/toolkit/src/query/core/buildMiddleware/polling.ts(42,36): error TS2339: Property 'meta' does not exist on type 'Action'.
node_modules 2/@reduxjs/toolkit/src/query/core/buildMiddleware/polling.ts(47,53): error TS2339: Property 'meta' does not exist on type 'Action'.
node_modules 2/@reduxjs/toolkit/src/query/core/buildMiddleware/polling.ts(49,28): error TS2339: Property 'meta' does not exist on type 'Action'.
node_modules 2/@reduxjs/toolkit/src/query/core/buildMiddleware/queryLifecycle.ts(1,39): error TS2307: Cannot find module '@internal/query/apiTypes' or its corresponding type declarations.
node_modules 2/@reduxjs/toolkit/src/query/core/buildMiddleware/queryLifecycle.ts(6,8): error TS2307: Cannot find module '../../baseQueryTypes' or its corresponding type declarations.
node_modules 2/@reduxjs/toolkit/src/query/core/buildMiddleware/queryLifecycle.ts(7,38): error TS2307: Cannot find module '../../endpointDefinitions' or its corresponding type declarations.
node_modules 2/@reduxjs/toolkit/src/query/core/buildMiddleware/queryLifecycle.ts(8,29): error TS2307: Cannot find module '../buildThunks' or its corresponding type declarations.
node_modules 2/@reduxjs/toolkit/src/query/core/buildMiddleware/queryLifecycle.ts(9,52): error TS2307: Cannot find module '../rtkImports' or its corresponding type declarations.
node_modules 2/@reduxjs/toolkit/src/query/core/buildMiddleware/queryLifecycle.ts(445,18): error TS2339: Property 'meta' does not exist on type 'Action'.
node_modules 2/@reduxjs/toolkit/src/query/core/buildMiddleware/queryLifecycle.ts(487,51): error TS2339: Property 'meta' does not exist on type 'Action'.
node_modules 2/@reduxjs/toolkit/src/query/core/buildMiddleware/queryLifecycle.ts(489,22): error TS2339: Property 'payload' does not exist on type 'Action'.
node_modules 2/@reduxjs/toolkit/src/query/core/buildMiddleware/queryLifecycle.ts(494,70): error TS2339: Property 'meta' does not exist on type 'Action'.
node_modules 2/@reduxjs/toolkit/src/query/core/buildMiddleware/queryLifecycle.ts(496,23): error TS2339: Property 'payload' does not exist on type 'Action'.
node_modules 2/@reduxjs/toolkit/src/query/core/buildMiddleware/queryLifecycle.ts(496,41): error TS2339: Property 'error' does not exist on type 'Action'.
node_modules 2/@reduxjs/toolkit/src/query/core/buildMiddleware/types.ts(11,38): error TS2307: Cannot find module '../../apiTypes' or its corresponding type declarations.
node_modules 2/@reduxjs/toolkit/src/query/core/buildMiddleware/types.ts(15,8): error TS2307: Cannot find module '../../endpointDefinitions' or its corresponding type declarations.
node_modules 2/@reduxjs/toolkit/src/query/core/buildMiddleware/types.ts(22,8): error TS2307: Cannot find module '../apiState' or its corresponding type declarations.
node_modules 2/@reduxjs/toolkit/src/query/core/buildMiddleware/types.ts(29,8): error TS2307: Cannot find module '../buildThunks' or its corresponding type declarations.
node_modules 2/@reduxjs/toolkit/src/query/core/buildMiddleware/types.ts(34,8): error TS2307: Cannot find module '../buildInitiate' or its corresponding type declarations.
node_modules 2/@reduxjs/toolkit/src/query/core/buildMiddleware/types.ts(35,35): error TS2307: Cannot find module '../buildSelectors' or its corresponding type declarations.
node_modules 2/@reduxjs/toolkit/src/query/core/buildMiddleware/windowEventHandling.ts(1,51): error TS2307: Cannot find module '../apiState' or its corresponding type declarations.
node_modules 2/@reduxjs/toolkit/src/query/core/buildMiddleware/windowEventHandling.ts(2,36): error TS2307: Cannot find module '../apiState' or its corresponding type declarations.
node_modules 2/@reduxjs/toolkit/src/query/core/buildMiddleware/windowEventHandling.ts(3,35): error TS2307: Cannot find module '../setupListeners' or its corresponding type declarations.
node_modules 2/@reduxjs/toolkit/src/query/tests/mocks/handlers.ts(1,33): error TS2307: Cannot find module 'headers-polyfill' or its corresponding type declarations.
node_modules 2/@reduxjs/toolkit/src/query/tests/mocks/handlers.ts(2,36): error TS2307: Cannot find module 'msw' or its corresponding type declarations.
node_modules 2/@reduxjs/toolkit/src/query/tests/mocks/handlers.ts(17,14): error TS7031: Binding element 'request' implicitly has an 'any' type.
node_modules 2/@reduxjs/toolkit/src/query/tests/mocks/handlers.ts(17,23): error TS7031: Binding element 'params' implicitly has an 'any' type.
node_modules 2/@reduxjs/toolkit/src/query/tests/mocks/handlers.ts(17,31): error TS7031: Binding element 'cookies' implicitly has an 'any' type.
node_modules 2/@reduxjs/toolkit/src/query/tests/mocks/handlers.ts(17,40): error TS7031: Binding element 'requestId' implicitly has an 'any' type.
node_modules 2/@reduxjs/toolkit/src/query/tests/mocks/handlers.ts(23,14): error TS7031: Binding element 'request' implicitly has an 'any' type.
node_modules 2/@reduxjs/toolkit/src/query/tests/mocks/handlers.ts(23,23): error TS7031: Binding element 'params' implicitly has an 'any' type.
node_modules 2/@reduxjs/toolkit/src/query/tests/mocks/handlers.ts(23,31): error TS7031: Binding element 'cookies' implicitly has an 'any' type.
node_modules 2/@reduxjs/toolkit/src/query/tests/mocks/handlers.ts(23,40): error TS7031: Binding element 'requestId' implicitly has an 'any' type.
node_modules 2/@reduxjs/toolkit/src/query/tests/mocks/handlers.ts(37,14): error TS7031: Binding element 'request' implicitly has an 'any' type.
node_modules 2/@reduxjs/toolkit/src/query/tests/mocks/handlers.ts(37,23): error TS7031: Binding element 'cookies' implicitly has an 'any' type.
node_modules 2/@reduxjs/toolkit/src/query/tests/mocks/handlers.ts(37,32): error TS7031: Binding element 'params' implicitly has an 'any' type.
node_modules 2/@reduxjs/toolkit/src/query/tests/mocks/handlers.ts(37,40): error TS7031: Binding element 'requestId' implicitly has an 'any' type.
node_modules 2/@reduxjs/toolkit/src/query/tests/mocks/handlers.ts(89,45): error TS7031: Binding element 'params' implicitly has an 'any' type.
node_modules 2/@reduxjs/toolkit/src/query/tests/mocks/handlers.ts(93,46): error TS7031: Binding element 'params' implicitly has an 'any' type.
node_modules 2/@reduxjs/toolkit/src/query/tests/mocks/handlers.ts(105,8): error TS7031: Binding element 'params' implicitly has an 'any' type.
node_modules 2/@reduxjs/toolkit/src/query/tests/mocks/server.ts(1,29): error TS2307: Cannot find module 'msw/node' or its corresponding type declarations.
node_modules 2/google-gax/node_modules 2/@grpc/grpc-js/src/experimental.ts(3,3): error TS1205: Re-exporting a type when 'isolatedModules' is enabled requires using 'export type'.
node_modules 2/google-gax/node_modules 2/@grpc/grpc-js/src/experimental.ts(4,3): error TS1205: Re-exporting a type when 'isolatedModules' is enabled requires using 'export type'.
node_modules 2/google-gax/node_modules 2/@grpc/grpc-js/src/experimental.ts(6,3): error TS1205: Re-exporting a type when 'isolatedModules' is enabled requires using 'export type'.
node_modules 2/google-gax/node_modules 2/@grpc/grpc-js/src/experimental.ts(10,10): error TS1205: Re-exporting a type when 'isolatedModules' is enabled requires using 'export type'.
node_modules 2/google-gax/node_modules 2/@grpc/grpc-js/src/experimental.ts(10,47): error TS1205: Re-exporting a type when 'isolatedModules' is enabled requires using 'export type'.
node_modules 2/google-gax/node_modules 2/@grpc/grpc-js/src/experimental.ts(11,10): error TS1205: Re-exporting a type when 'isolatedModules' is enabled requires using 'export type'.
node_modules 2/google-gax/node_modules 2/@grpc/grpc-js/src/experimental.ts(14,3): error TS1205: Re-exporting a type when 'isolatedModules' is enabled requires using 'export type'.
node_modules 2/google-gax/node_modules 2/@grpc/grpc-js/src/experimental.ts(15,3): error TS1205: Re-exporting a type when 'isolatedModules' is enabled requires using 'export type'.
node_modules 2/google-gax/node_modules 2/@grpc/grpc-js/src/experimental.ts(16,3): error TS1205: Re-exporting a type when 'isolatedModules' is enabled requires using 'export type'.
node_modules 2/google-gax/node_modules 2/@grpc/grpc-js/src/experimental.ts(25,3): error TS1205: Re-exporting a type when 'isolatedModules' is enabled requires using 'export type'.
node_modules 2/google-gax/node_modules 2/@grpc/grpc-js/src/experimental.ts(27,3): error TS1205: Re-exporting a type when 'isolatedModules' is enabled requires using 'export type'.
node_modules 2/google-gax/node_modules 2/@grpc/grpc-js/src/experimental.ts(34,3): error TS1205: Re-exporting a type when 'isolatedModules' is enabled requires using 'export type'.
node_modules 2/google-gax/node_modules 2/@grpc/grpc-js/src/experimental.ts(37,3): error TS1205: Re-exporting a type when 'isolatedModules' is enabled requires using 'export type'.
node_modules 2/google-gax/node_modules 2/@grpc/grpc-js/src/experimental.ts(38,3): error TS1205: Re-exporting a type when 'isolatedModules' is enabled requires using 'export type'.
node_modules 2/google-gax/node_modules 2/@grpc/grpc-js/src/experimental.ts(42,3): error TS1205: Re-exporting a type when 'isolatedModules' is enabled requires using 'export type'.
node_modules 2/google-gax/node_modules 2/@grpc/grpc-js/src/experimental.ts(43,3): error TS1205: Re-exporting a type when 'isolatedModules' is enabled requires using 'export type'.
node_modules 2/google-gax/node_modules 2/@grpc/grpc-js/src/experimental.ts(47,10): error TS1205: Re-exporting a type when 'isolatedModules' is enabled requires using 'export type'.
node_modules 2/google-gax/node_modules 2/@grpc/grpc-js/src/experimental.ts(47,30): error TS1205: Re-exporting a type when 'isolatedModules' is enabled requires using 'export type'.
node_modules 2/google-gax/node_modules 2/@grpc/grpc-js/src/experimental.ts(51,3): error TS1205: Re-exporting a type when 'isolatedModules' is enabled requires using 'export type'.
node_modules 2/google-gax/node_modules 2/@grpc/grpc-js/src/experimental.ts(53,3): error TS1205: Re-exporting a type when 'isolatedModules' is enabled requires using 'export type'.
node_modules 2/google-gax/node_modules 2/@grpc/grpc-js/src/experimental.ts(54,3): error TS1205: Re-exporting a type when 'isolatedModules' is enabled requires using 'export type'.
node_modules 2/google-gax/node_modules 2/@grpc/grpc-js/src/experimental.ts(57,3): error TS1205: Re-exporting a type when 'isolatedModules' is enabled requires using 'export type'.
node_modules 2/google-gax/node_modules 2/@grpc/grpc-js/src/experimental.ts(58,3): error TS1205: Re-exporting a type when 'isolatedModules' is enabled requires using 'export type'.
node_modules 2/google-gax/node_modules 2/@grpc/grpc-js/src/experimental.ts(59,3): error TS1205: Re-exporting a type when 'isolatedModules' is enabled requires using 'export type'.
node_modules 2/google-gax/node_modules 2/@grpc/grpc-js/src/experimental.ts(64,3): error TS1205: Re-exporting a type when 'isolatedModules' is enabled requires using 'export type'.
node_modules 2/google-gax/node_modules 2/@grpc/grpc-js/src/experimental.ts(65,3): error TS1205: Re-exporting a type when 'isolatedModules' is enabled requires using 'export type'.
node_modules 2/google-gax/node_modules 2/@grpc/grpc-js/src/experimental.ts(66,3): error TS1205: Re-exporting a type when 'isolatedModules' is enabled requires using 'export type'.
node_modules 2/google-gax/node_modules 2/@grpc/grpc-js/src/experimental.ts(67,3): error TS1205: Re-exporting a type when 'isolatedModules' is enabled requires using 'export type'.
node_modules 2/google-gax/node_modules 2/@grpc/grpc-js/src/experimental.ts(68,3): error TS1205: Re-exporting a type when 'isolatedModules' is enabled requires using 'export type'.
node_modules 2/google-gax/node_modules 2/@grpc/grpc-js/src/experimental.ts(70,3): error TS1205: Re-exporting a type when 'isolatedModules' is enabled requires using 'export type'.
node_modules 2/google-gax/node_modules 2/@grpc/grpc-js/src/experimental.ts(72,55): error TS1205: Re-exporting a type when 'isolatedModules' is enabled requires using 'export type'.
node_modules 2/google-gax/node_modules 2/@grpc/grpc-js/src/experimental.ts(72,72): error TS1205: Re-exporting a type when 'isolatedModules' is enabled requires using 'export type'.
node_modules 2/google-gax/node_modules 2/@grpc/grpc-js/src/index.ts(73,10): error TS1205: Re-exporting a type when 'isolatedModules' is enabled requires using 'export type'.
node_modules 2/google-gax/node_modules 2/@grpc/grpc-js/src/index.ts(123,20): error TS1205: Re-exporting a type when 'isolatedModules' is enabled requires using 'export type'.
node_modules 2/google-gax/node_modules 2/@grpc/grpc-js/src/index.ts(123,37): error TS1205: Re-exporting a type when 'isolatedModules' is enabled requires using 'export type'.
node_modules 2/google-gax/node_modules 2/@grpc/grpc-js/src/index.ts(140,3): error TS1205: Re-exporting a type when 'isolatedModules' is enabled requires using 'export type'.
node_modules 2/google-gax/node_modules 2/@grpc/grpc-js/src/index.ts(144,3): error TS1205: Re-exporting a type when 'isolatedModules' is enabled requires using 'export type'.
node_modules 2/google-gax/node_modules 2/@grpc/grpc-js/src/index.ts(145,3): error TS1205: Re-exporting a type when 'isolatedModules' is enabled requires using 'export type'.
node_modules 2/google-gax/node_modules 2/@grpc/grpc-js/src/index.ts(147,3): error TS1205: Re-exporting a type when 'isolatedModules' is enabled requires using 'export type'.
node_modules 2/google-gax/node_modules 2/@grpc/grpc-js/src/index.ts(148,3): error TS1205: Re-exporting a type when 'isolatedModules' is enabled requires using 'export type'.
node_modules 2/google-gax/node_modules 2/@grpc/grpc-js/src/index.ts(166,3): error TS1205: Re-exporting a type when 'isolatedModules' is enabled requires using 'export type'.
node_modules 2/google-gax/node_modules 2/@grpc/grpc-js/src/index.ts(169,3): error TS1205: Re-exporting a type when 'isolatedModules' is enabled requires using 'export type'.
node_modules 2/google-gax/node_modules 2/@grpc/grpc-js/src/index.ts(170,3): error TS1205: Re-exporting a type when 'isolatedModules' is enabled requires using 'export type'.
node_modules 2/google-gax/node_modules 2/@grpc/grpc-js/src/index.ts(171,3): error TS1205: Re-exporting a type when 'isolatedModules' is enabled requires using 'export type'.
node_modules 2/google-gax/node_modules 2/@grpc/grpc-js/src/index.ts(172,3): error TS1205: Re-exporting a type when 'isolatedModules' is enabled requires using 'export type'.
node_modules 2/google-gax/node_modules 2/@grpc/grpc-js/src/index.ts(173,3): error TS1205: Re-exporting a type when 'isolatedModules' is enabled requires using 'export type'.
node_modules 2/google-gax/node_modules 2/@grpc/grpc-js/src/index.ts(174,3): error TS1205: Re-exporting a type when 'isolatedModules' is enabled requires using 'export type'.
node_modules 2/google-gax/node_modules 2/@grpc/grpc-js/src/index.ts(175,3): error TS1205: Re-exporting a type when 'isolatedModules' is enabled requires using 'export type'.
node_modules 2/google-gax/node_modules 2/@grpc/grpc-js/src/index.ts(176,3): error TS1205: Re-exporting a type when 'isolatedModules' is enabled requires using 'export type'.
node_modules 2/google-gax/node_modules 2/@grpc/grpc-js/src/index.ts(177,3): error TS1205: Re-exporting a type when 'isolatedModules' is enabled requires using 'export type'.
node_modules 2/google-gax/node_modules 2/@grpc/grpc-js/src/index.ts(178,3): error TS1205: Re-exporting a type when 'isolatedModules' is enabled requires using 'export type'.
node_modules 2/google-gax/node_modules 2/@grpc/grpc-js/src/index.ts(179,3): error TS1205: Re-exporting a type when 'isolatedModules' is enabled requires using 'export type'.
node_modules 2/google-gax/node_modules 2/@grpc/grpc-js/src/index.ts(180,3): error TS1205: Re-exporting a type when 'isolatedModules' is enabled requires using 'export type'.
node_modules 2/google-gax/node_modules 2/@grpc/grpc-js/src/index.ts(181,3): error TS1205: Re-exporting a type when 'isolatedModules' is enabled requires using 'export type'.
node_modules 2/google-gax/node_modules 2/@grpc/grpc-js/src/index.ts(182,3): error TS1205: Re-exporting a type when 'isolatedModules' is enabled requires using 'export type'.
node_modules 2/google-gax/node_modules 2/@grpc/grpc-js/src/index.ts(183,3): error TS1205: Re-exporting a type when 'isolatedModules' is enabled requires using 'export type'.
node_modules 2/google-gax/node_modules 2/@grpc/grpc-js/src/index.ts(184,3): error TS1205: Re-exporting a type when 'isolatedModules' is enabled requires using 'export type'.
node_modules 2/google-gax/node_modules 2/@grpc/grpc-js/src/index.ts(185,3): error TS1205: Re-exporting a type when 'isolatedModules' is enabled requires using 'export type'.
node_modules 2/google-gax/node_modules 2/@grpc/grpc-js/src/index.ts(186,3): error TS1205: Re-exporting a type when 'isolatedModules' is enabled requires using 'export type'.
node_modules 2/google-gax/node_modules 2/@grpc/grpc-js/src/index.ts(187,3): error TS1205: Re-exporting a type when 'isolatedModules' is enabled requires using 'export type'.
node_modules 2/google-gax/node_modules 2/@grpc/grpc-js/src/index.ts(188,3): error TS1205: Re-exporting a type when 'isolatedModules' is enabled requires using 'export type'.
node_modules 2/google-gax/node_modules 2/@grpc/grpc-js/src/index.ts(189,3): error TS1205: Re-exporting a type when 'isolatedModules' is enabled requires using 'export type'.
node_modules 2/google-gax/node_modules 2/@grpc/grpc-js/src/index.ts(195,3): error TS1205: Re-exporting a type when 'isolatedModules' is enabled requires using 'export type'.
node_modules 2/google-gax/node_modules 2/@grpc/grpc-js/src/index.ts(196,3): error TS1205: Re-exporting a type when 'isolatedModules' is enabled requires using 'export type'.
node_modules 2/google-gax/node_modules 2/@grpc/grpc-js/src/index.ts(197,3): error TS1205: Re-exporting a type when 'isolatedModules' is enabled requires using 'export type'.
node_modules 2/google-gax/node_modules 2/@grpc/grpc-js/src/index.ts(198,3): error TS1205: Re-exporting a type when 'isolatedModules' is enabled requires using 'export type'.
node_modules 2/google-gax/node_modules 2/@grpc/grpc-js/src/index.ts(233,10): error TS1205: Re-exporting a type when 'isolatedModules' is enabled requires using 'export type'.
node_modules 2/google-gax/node_modules 2/@grpc/grpc-js/src/index.ts(233,38): error TS1205: Re-exporting a type when 'isolatedModules' is enabled requires using 'export type'.
node_modules 2/google-gax/node_modules 2/@grpc/grpc-js/src/index.ts(235,10): error TS1205: Re-exporting a type when 'isolatedModules' is enabled requires using 'export type'.
node_modules 2/google-gax/node_modules 2/@grpc/grpc-js/src/index.ts(243,10): error TS1205: Re-exporting a type when 'isolatedModules' is enabled requires using 'export type'.
node_modules 2/google-gax/node_modules 2/@grpc/grpc-js/src/index.ts(243,20): error TS1205: Re-exporting a type when 'isolatedModules' is enabled requires using 'export type'.
node_modules 2/google-gax/node_modules 2/@grpc/grpc-js/src/index.ts(246,3): error TS1205: Re-exporting a type when 'isolatedModules' is enabled requires using 'export type'.
node_modules 2/google-gax/node_modules 2/@grpc/grpc-js/src/index.ts(249,3): error TS1205: Re-exporting a type when 'isolatedModules' is enabled requires using 'export type'.
node_modules 2/google-gax/node_modules 2/@grpc/grpc-js/src/index.ts(250,3): error TS1205: Re-exporting a type when 'isolatedModules' is enabled requires using 'export type'.
node_modules 2/google-gax/node_modules 2/@grpc/grpc-js/src/index.ts(251,3): error TS1205: Re-exporting a type when 'isolatedModules' is enabled requires using 'export type'.
node_modules 2/google-gax/node_modules 2/@grpc/grpc-js/src/index.ts(254,3): error TS1205: Re-exporting a type when 'isolatedModules' is enabled requires using 'export type'.
node_modules 2/google-gax/node_modules 2/@grpc/grpc-js/src/index.ts(258,3): error TS1205: Re-exporting a type when 'isolatedModules' is enabled requires using 'export type'.
node_modules 2/google-gax/node_modules 2/@grpc/grpc-js/src/index.ts(259,3): error TS1205: Re-exporting a type when 'isolatedModules' is enabled requires using 'export type'.
node_modules 2/google-gax/node_modules 2/@grpc/grpc-js/src/index.ts(260,3): error TS1205: Re-exporting a type when 'isolatedModules' is enabled requires using 'export type'.
node_modules 2/google-gax/node_modules 2/@grpc/grpc-js/src/index.ts(263,10): error TS1205: Re-exporting a type when 'isolatedModules' is enabled requires using 'export type'.
node_modules 2/google-gax/node_modules 2/@grpc/grpc-js/src/index.ts(270,3): error TS1205: Re-exporting a type when 'isolatedModules' is enabled requires using 'export type'.
node_modules 2/google-gax/node_modules 2/@grpc/grpc-js/src/index.ts(271,3): error TS1205: Re-exporting a type when 'isolatedModules' is enabled requires using 'export type'.
node_modules 2/google-gax/node_modules 2/@grpc/grpc-js/src/index.ts(272,3): error TS1205: Re-exporting a type when 'isolatedModules' is enabled requires using 'export type'.
node_modules 2/google-gax/node_modules 2/@grpc/grpc-js/src/index.ts(273,3): error TS1205: Re-exporting a type when 'isolatedModules' is enabled requires using 'export type'.
node_modules 2/google-gax/node_modules 2/@grpc/grpc-js/src/index.ts(277,3): error TS1205: Re-exporting a type when 'isolatedModules' is enabled requires using 'export type'.
node_modules 2/google-gax/node_modules 2/@grpc/grpc-js/src/index.ts(278,3): error TS1205: Re-exporting a type when 'isolatedModules' is enabled requires using 'export type'.
node_modules 2/google-gax/node_modules 2/@grpc/grpc-js/src/index.ts(280,3): error TS1205: Re-exporting a type when 'isolatedModules' is enabled requires using 'export type'.
node_modules 2/google-gax/node_modules 2/@grpc/grpc-js/src/index.ts(281,3): error TS1205: Re-exporting a type when 'isolatedModules' is enabled requires using 'export type'.
node_modules 2/google-gax/node_modules 2/@grpc/grpc-js/src/index.ts(283,3): error TS1205: Re-exporting a type when 'isolatedModules' is enabled requires using 'export type'.
node_modules 2/google-gax/node_modules 2/@grpc/grpc-js/src/index.ts(285,3): error TS1205: Re-exporting a type when 'isolatedModules' is enabled requires using 'export type'.
node_modules 2/zod/src 2/v4/core/tests/locales/be.test.ts(1,38): error TS2307: Cannot find module 'vitest' or its corresponding type declarations.
node_modules 2/zod/src 2/v4/core/tests/locales/be.test.ts(2,16): error TS2307: Cannot find module '../../../locales/be.js' or its corresponding type declarations.
node_modules 2/zod/src 2/v4/core/tests/locales/en.test.ts(1,30): error TS2307: Cannot find module 'vitest' or its corresponding type declarations.
node_modules 2/zod/src 2/v4/core/tests/locales/en.test.ts(2,28): error TS2307: Cannot find module '../../util.js' or its corresponding type declarations.
node_modules 2/zod/src 2/v4/core/tests/locales/es.test.ts(1,30): error TS2307: Cannot find module 'vitest' or its corresponding type declarations.
node_modules 2/zod/src 2/v4/core/tests/locales/es.test.ts(2,19): error TS2307: Cannot find module '../../../../index.js' or its corresponding type declarations.
node_modules 2/zod/src 2/v4/core/tests/locales/es.test.ts(3,16): error TS2307: Cannot find module '../../../locales/es.js' or its corresponding type declarations.
node_modules 2/zod/src 2/v4/core/tests/locales/he.test.ts(1,52): error TS2307: Cannot find module 'vitest' or its corresponding type declarations.
node_modules 2/zod/src 2/v4/core/tests/locales/he.test.ts(2,19): error TS2307: Cannot find module '../../../../index.js' or its corresponding type declarations.
node_modules 2/zod/src 2/v4/core/tests/locales/he.test.ts(3,16): error TS2307: Cannot find module '../../../locales/he.js' or its corresponding type declarations.
node_modules 2/zod/src 2/v4/core/tests/locales/nl.test.ts(1,30): error TS2307: Cannot find module 'vitest' or its corresponding type declarations.
node_modules 2/zod/src 2/v4/core/tests/locales/nl.test.ts(2,16): error TS2307: Cannot find module '../../../locales/nl.js' or its corresponding type declarations.
node_modules 2/zod/src 2/v4/core/tests/locales/ru.test.ts(1,38): error TS2307: Cannot find module 'vitest' or its corresponding type declarations.
node_modules 2/zod/src 2/v4/core/tests/locales/ru.test.ts(2,16): error TS2307: Cannot find module '../../../locales/ru.js' or its corresponding type declarations.
node_modules 2/zod/src 2/v4/core/tests/locales/tr.test.ts(1,30): error TS2307: Cannot find module 'vitest' or its corresponding type declarations.
node_modules 2/zod/src 2/v4/core/tests/locales/tr.test.ts(3,28): error TS2307: Cannot find module '../../util.js' or its corresponding type declarations.
node_modules 2/zod/src 2/v4/core/tests/locales/uz.test.ts(1,30): error TS2307: Cannot find module 'vitest' or its corresponding type declarations.
node_modules 2/zod/src/v4/core/tests/locales/be.test.ts(1,38): error TS2307: Cannot find module 'vitest' or its corresponding type declarations.
node_modules 2/zod/src/v4/core/tests/locales/be.test.ts(2,16): error TS2307: Cannot find module '../../../locales/be.js' or its corresponding type declarations.
node_modules 2/zod/src/v4/core/tests/locales/en.test.ts(1,30): error TS2307: Cannot find module 'vitest' or its corresponding type declarations.
node_modules 2/zod/src/v4/core/tests/locales/en.test.ts(2,28): error TS2307: Cannot find module '../../util.js' or its corresponding type declarations.
node_modules 2/zod/src/v4/core/tests/locales/es.test.ts(1,30): error TS2307: Cannot find module 'vitest' or its corresponding type declarations.
node_modules 2/zod/src/v4/core/tests/locales/es.test.ts(2,19): error TS2307: Cannot find module '../../../../index.js' or its corresponding type declarations.
node_modules 2/zod/src/v4/core/tests/locales/es.test.ts(3,16): error TS2307: Cannot find module '../../../locales/es.js' or its corresponding type declarations.
node_modules 2/zod/src/v4/core/tests/locales/he.test.ts(1,52): error TS2307: Cannot find module 'vitest' or its corresponding type declarations.
node_modules 2/zod/src/v4/core/tests/locales/he.test.ts(2,19): error TS2307: Cannot find module '../../../../index.js' or its corresponding type declarations.
node_modules 2/zod/src/v4/core/tests/locales/he.test.ts(3,16): error TS2307: Cannot find module '../../../locales/he.js' or its corresponding type declarations.
node_modules 2/zod/src/v4/core/tests/locales/nl.test.ts(1,30): error TS2307: Cannot find module 'vitest' or its corresponding type declarations.
node_modules 2/zod/src/v4/core/tests/locales/nl.test.ts(2,16): error TS2307: Cannot find module '../../../locales/nl.js' or its corresponding type declarations.
node_modules 2/zod/src/v4/core/tests/locales/ru.test.ts(1,38): error TS2307: Cannot find module 'vitest' or its corresponding type declarations.
node_modules 2/zod/src/v4/core/tests/locales/ru.test.ts(2,16): error TS2307: Cannot find module '../../../locales/ru.js' or its corresponding type declarations.
node_modules 2/zod/src/v4/core/tests/locales/tr.test.ts(1,30): error TS2307: Cannot find module 'vitest' or its corresponding type declarations.
node_modules 2/zod/src/v4/core/tests/locales/tr.test.ts(3,28): error TS2307: Cannot find module '../../util.js' or its corresponding type declarations.
node_modules 2/zod/src/v4/core/tests/locales/uz.test.ts(1,30): error TS2307: Cannot find module 'vitest' or its corresponding type declarations.
src/actions/getTeamMembers.ts(47,11): error TS2322: Type '{ id: string; uid: any; email: any; displayName: any; role: any; internalRole: any; status: any; assignedProjectIds: any; joinedAt: any; }[]' is not assignable to type 'OrgTeamMember[]'.
  Property 'invitedAt' is missing in type '{ id: string; uid: any; email: any; displayName: any; role: any; internalRole: any; status: any; assignedProjectIds: any; joinedAt: any; }' but required in type 'OrgTeamMember'.
src/app/api/cron/process-email-notifications/route.ts(95,33): error TS2339: Property 'name' does not exist on type 'Project'.
src/components/Calculators/VirtualInspection.tsx(33,21): error TS2322: Type 'InspectionItem | { id: string; category: string; estimatedCost: number; actualCost: number; loggedBy: string; status: string; notes: string; }' is not assignable to type 'InspectionItem'.
  Type '{ id: string; category: string; estimatedCost: number; actualCost: number; loggedBy: string; status: string; notes: string; }' is not assignable to type 'InspectionItem'.
    Types of property 'status' are incompatible.
      Type 'string' is not assignable to type 'InspectionStatus'.
src/components/Calculators/VirtualInspection.tsx(33,37): error TS2322: Type '{ id: string; category: string; estimatedCost: number; actualCost: number; loggedBy: string; status: string; notes: string; }' is not assignable to type 'InspectionItem'.
  Types of property 'status' are incompatible.
    Type 'string' is not assignable to type 'InspectionStatus'.
src/components/dashboard/charts/MonthlyBurnRate.tsx(57,60): error TS2339: Property 'monthlyHoldingCosts' does not exist on type 'DetailedProjectMetrics'.
src/components/dashboard/charts/ProjectedVsActualSpend.tsx(162,81): error TS2769: No overload matches this call.
  Overload 1 of 2, '(props: Props<{ actual: any; } & { actual: any; } & { actual: any; }, any>): ReactElement<unknown, string | JSXElementConstructor<any>>', gave the following error.
    Object literal may only specify known properties, and 'shadow' does not exist in type '((props: ActiveDotProps) => ReactNode) | Partial<ActiveDotProps> | ReactElement<SVGProps<SVGElement>, string | JSXElementConstructor<...>>'.
  Overload 2 of 2, '(props: Props<any, any>): ReactElement<unknown, string | JSXElementConstructor<any>>', gave the following error.
    Object literal may only specify known properties, and 'shadow' does not exist in type '((props: ActiveDotProps) => ReactNode) | Partial<ActiveDotProps> | ReactElement<SVGProps<SVGElement>, string | JSXElementConstructor<...>>'.
src/components/dashboard/home/AssetMixChart.tsx(134,17): error TS2322: Type 'MixDataPoint[]' is not assignable to type 'readonly TreemapDataType[]'.
  Type 'MixDataPoint' is not assignable to type 'TreemapDataType'.
    Index signature for type 'string' is missing in type 'MixDataPoint'.
src/components/dashboard/home/AssetMixChart.tsx(151,19): error TS2322: Type '(value: number, name: string, props: any) => [string, any]' is not assignable to type 'Formatter<ValueType, NameType> & ((value: ValueType, name: NameType, item: TooltipPayloadEntry, index: number, payload: TooltipPayload) => ReactNode | [...])'.
  Type '(value: number, name: string, props: any) => [string, any]' is not assignable to type 'Formatter<ValueType, NameType>'.
    Types of parameters 'value' and 'value' are incompatible.
      Type 'ValueType | undefined' is not assignable to type 'number'.
        Type 'undefined' is not assignable to type 'number'.
src/components/dashboard/home/BurnRateMonitor.tsx(29,55): error TS2304: Cannot find name 'Zap'.
src/components/dashboard/home/MAOGaugeTracker.tsx(30,55): error TS2339: Property 'arv' does not exist on type 'ProjectFinancials'.
src/components/dashboard/home/MAOGaugeTracker.tsx(30,75): error TS2339: Property 'arv' does not exist on type 'ProjectFinancials'.
src/components/dashboard/home/MAOGaugeTracker.tsx(32,36): error TS2339: Property 'arv' does not exist on type 'ProjectFinancials'.
src/components/dashboard/home/MAOGaugeTracker.tsx(97,57): error TS2339: Property 'arv' does not exist on type 'ProjectFinancials'.
src/components/dashboard/home/MAOGaugeTracker.tsx(97,77): error TS2339: Property 'arv' does not exist on type 'ProjectFinancials'.
src/components/dashboard/home/MAOGaugeTracker.tsx(99,38): error TS2339: Property 'arv' does not exist on type 'ProjectFinancials'.
src/components/dashboard/home/ROIChart.tsx(98,53): error TS2339: Property 'cumulativeProfit' does not exist on type 'DataPoint'.
src/components/dashboard/home/ROIChart.tsx(170,17): error TS2322: Type '(value: number, name: string) => [string, string]' is not assignable to type 'Formatter<ValueType, NameType> & ((value: ValueType, name: NameType, item: TooltipPayloadEntry, index: number, payload: TooltipPayload) => ReactNode | [...])'.
  Type '(value: number, name: string) => [string, string]' is not assignable to type 'Formatter<ValueType, NameType>'.
    Types of parameters 'value' and 'value' are incompatible.
      Type 'ValueType | undefined' is not assignable to type 'number'.
        Type 'undefined' is not assignable to type 'number'.
src/components/dashboard/VelocityOverheadKPI.tsx(118,22): error TS18048: 'i.actualCost' is possibly 'undefined'.
src/components/dashboard/YearlyPortfolioPerformance.tsx(104,57): error TS18048: 'i.actualCost' is possibly 'undefined'.
src/components/evaluation/DealAnalyzer.tsx(35,3): error TS2339: Property 'onChange' does not exist on type '{ label: string; value: number; placeholder?: string | undefined; hint?: string | undefined; disabled?: boolean | undefined; }'.
src/components/evaluation/DealAnalyzer.tsx(55,142): error TS2304: Cannot find name 'disabled'.
src/components/evaluation/DealAnalyzer.tsx(62,21): error TS2304: Cannot find name 'disabled'.
src/components/evaluation/DealAnalyzer.tsx(69,155): error TS2304: Cannot find name 'disabled'.
src/components/evaluation/DealAnalyzer.tsx(232,15): error TS2322: Type '{ label: string; value: number; onChange: (n: number) => void; disabled: boolean; hint: string; }' is not assignable to type 'IntrinsicAttributes & { label: string; value: number; placeholder?: string | undefined; hint?: string | undefined; disabled?: boolean | undefined; }'.
  Property 'onChange' does not exist on type 'IntrinsicAttributes & { label: string; value: number; placeholder?: string | undefined; hint?: string | undefined; disabled?: boolean | undefined; }'.
src/components/evaluation/DealAnalyzer.tsx(239,15): error TS2322: Type '{ label: string; value: number; onChange: (n: number) => void; disabled: boolean; hint: string; }' is not assignable to type 'IntrinsicAttributes & { label: string; value: number; placeholder?: string | undefined; hint?: string | undefined; disabled?: boolean | undefined; }'.
  Property 'onChange' does not exist on type 'IntrinsicAttributes & { label: string; value: number; placeholder?: string | undefined; hint?: string | undefined; disabled?: boolean | undefined; }'.
src/components/evaluation/DealAnalyzer.tsx(246,15): error TS2322: Type '{ label: string; value: number; onChange: (n: number) => void; disabled: boolean; hint: string; }' is not assignable to type 'IntrinsicAttributes & { label: string; value: number; placeholder?: string | undefined; hint?: string | undefined; disabled?: boolean | undefined; }'.
  Property 'onChange' does not exist on type 'IntrinsicAttributes & { label: string; value: number; placeholder?: string | undefined; hint?: string | undefined; disabled?: boolean | undefined; }'.
src/components/evaluation/DealAnalyzer.tsx(519,15): error TS2322: Type '{ label: string; value: number; disabled: boolean; onChange: (n: any) => void; hint: string; }' is not assignable to type 'IntrinsicAttributes & { label: string; value: number; placeholder?: string | undefined; hint?: string | undefined; disabled?: boolean | undefined; }'.
  Property 'onChange' does not exist on type 'IntrinsicAttributes & { label: string; value: number; placeholder?: string | undefined; hint?: string | undefined; disabled?: boolean | undefined; }'.
src/components/evaluation/DealAnalyzer.tsx(519,26): error TS7006: Parameter 'n' implicitly has an 'any' type.
src/components/projects/AddressAutocomplete.tsx(98,23): error TS2554: Expected 1 arguments, but got 0.
src/components/projects/AddressAutocomplete.tsx(254,27): error TS2554: Expected 1 arguments, but got 0.
src/components/rehab/RehabExpenseTracker.tsx(25,7): error TS2739: Type '{ Material: { icon: Element; color: string; }; 'Professional Labor': { icon: Element; color: string; }; Permits: { icon: Element; color: string; }; 'Dumpster Rental': { icon: Element; color: string; }; Other: { ...; }; }' is missing the following properties from type 'Record<RehabExpenseCategory, { icon: ReactNode; color: string; }>': Demo, Systems, Interior, Exterior
src/components/shared/PropertySearchInput.tsx(5,41): error TS2307: Cannot find module '@/app/api/bridge/search/route' or its corresponding type declarations.
src/lib/math/calculatorUtils.ts(30,85): error TS18048: 'curr.actualCost' is possibly 'undefined'.
src/lib/math/calculatorUtils.ts(129,55): error TS18048: 'i.actualCost' is possibly 'undefined'.
src/lib/queue/jobQueue.ts(119,20): error TS7006: Parameter 'r' implicitly has an 'any' type.
src/store/projectStore.ts(105,63): error TS2304: Cannot find name 'DueDiligenceItem'.
src/store/projectStore.ts(186,85): error TS18048: 'curr.actualCost' is possibly 'undefined'.
src/store/projectStore.ts(791,93): error TS18048: 'curr.actualCost' is possibly 'undefined'.
